  Scanning sources for module dependencies...
  copy_to_clipboard.h
  strconvr.h
  directionallight_component.h
  mouse_picking.h
  spotlight_component.h
  viewport_layer.h
  staticmesh_component.h
C:\Users\karat\Documents\GitHub\3D-Game-Engine\RenderEngine\include\dependencies\imgui\backends\imgui_impl_glfw.h(24,13): error C1083: Cannot open include file: 'imgui.h': No such file or directory
  (compiling source file 'include/layers/viewport_layer.h')
  
C:\Users\karat\Documents\GitHub\3D-Game-Engine\RenderEngine\include\dependencies\imgui\backends\imgui_impl_glfw.h(24,13): fatal  error C1083: Cannot open include file: 'imgui.h': No such file or directory
C:\Program Files\Microsoft Visual Studio\2022\Community\MSBuild\Microsoft\VC\v170\Microsoft.CppCommon.targets(503,5): warning MSB8074: Cannot read Module Dependencies file Debug\viewport_layer.h.module.json: Expecting element 'root' from namespace ''.. Encountered 'None'  with name '', namespace ''.  The build order might be incorrect.
  Compiling...
  spotlight_component.h
  copy_to_clipboard.h
  viewport_layer.h
  strconvr.h
  staticmesh_component.h
  mouse_picking.h
  directionallight_component.h
C:\Program Files (x86)\Windows Kits\10\Include\10.0.22621.0\um\winnt.h(1005,1): message : sorry: 'inline' function definition for 'ULONGLONG Int64ShllMod32(ULONGLONG,DWORD)' could not be written to module due to unrecognized expression or statement at 'C:\Program Files (x86)\Windows Kits\10\Include\10.0.22621.0\um\winnt.h(1010,5)'.
C:\Program Files (x86)\Windows Kits\10\Include\10.0.22621.0\um\winnt.h(1005,1): message : If possible please provide a repro here: https://developercommunity.visualstudio.com
  (compiling source file 'include/other%20utils/copy_to_clipboard.h')
  
C:\Program Files (x86)\Windows Kits\10\Include\10.0.22621.0\um\winnt.h(1021,1): message : sorry: 'inline' function definition for 'LONGLONG Int64ShraMod32(LONGLONG,DWORD)' could not be written to module due to unrecognized expression or statement at 'C:\Program Files (x86)\Windows Kits\10\Include\10.0.22621.0\um\winnt.h(1026,5)'.
C:\Program Files (x86)\Windows Kits\10\Include\10.0.22621.0\um\winnt.h(1021,1): message : If possible please provide a repro here: https://developercommunity.visualstudio.com
  (compiling source file 'include/other%20utils/copy_to_clipboard.h')
  
C:\Program Files (x86)\Windows Kits\10\Include\10.0.22621.0\um\winnt.h(1037,1): message : sorry: 'inline' function definition for 'ULONGLONG Int64ShrlMod32(ULONGLONG,DWORD)' could not be written to module due to unrecognized expression or statement at 'C:\Program Files (x86)\Windows Kits\10\Include\10.0.22621.0\um\winnt.h(1042,5)'.
C:\Program Files (x86)\Windows Kits\10\Include\10.0.22621.0\um\winnt.h(1037,1): message : If possible please provide a repro here: https://developercommunity.visualstudio.com
  (compiling source file 'include/other%20utils/copy_to_clipboard.h')
  
C:\Users\karat\Documents\GitHub\3D-Game-Engine\RenderEngine\include\dependencies\imgui\backends\imgui_impl_glfw.h(24,1): error C1083: Cannot open include file: 'imgui.h': No such file or directory
  (compiling source file 'include/layers/viewport_layer.h')
  
C:\Users\karat\Documents\GitHub\3D-Game-Engine\RenderEngine\include\other utils\ZER.h(457,35): warning C4018: '<': signed/unsigned mismatch
  (compiling source file 'include/entity%20sys/components/staticmesh_component.h')
  
C:\Users\karat\Documents\GitHub\3D-Game-Engine\RenderEngine\include\other utils\ZER.h(457,35): warning C4018: '<': signed/unsigned mismatch
  (compiling source file 'include/entity%20sys/components/spotlight_component.h')
  
C:\Users\karat\Documents\GitHub\3D-Game-Engine\RenderEngine\include\other utils\ZER.h(457,35): warning C4018: '<': signed/unsigned mismatch
  (compiling source file 'include/entity%20sys/components/directionallight_component.h')
  
C:\Users\karat\Documents\GitHub\3D-Game-Engine\RenderEngine\include\dependencies\assimp\defs.h(293,19): warning C5260: the constant variable 'ai_epsilon' has internal linkage in an included header file context, but external linkage in imported header unit context; consider declaring it 'inline' as well if it will be shared across translation units, or 'static' to express intent to use it local to this translation unit
  (compiling source file 'include/entity%20sys/components/staticmesh_component.h')
  
