  Scanning sources for module dependencies...
  staticmesh_component.h
  Compiling...
  staticmesh_component.h
C:\Users\karat\Documents\GitHub\RenderEngine\RenderEngine\include\dependencies\assimp\defs.h(293,19): warning C5260: the constant variable 'ai_epsilon' has internal linkage in an included header file context, but external linkage in imported header unit context; consider declaring it 'inline' as well if it will be shared across translation units, or 'static' to express intent to use it local to this translation unit
  (compiling source file 'include/entity%20sys/components/staticmesh_component.h')
  
  app.cpp
  component.cpp
  cube_test_comp.cpp
  directionallight_component.cpp
  pointlight_component.cpp
  core shader.cpp
  3d_core_camera.cpp
  entity.cpp
  grid2d.cpp
  input.cpp
C:\Users\karat\Documents\GitHub\RenderEngine\RenderEngine\src\input.cpp(103,22): warning C4244: '=': conversion from 'double' to 'T', possible loss of data
C:\Users\karat\Documents\GitHub\RenderEngine\RenderEngine\src\input.cpp(103,22): warning C4244:         with
C:\Users\karat\Documents\GitHub\RenderEngine\RenderEngine\src\input.cpp(103,22): warning C4244:         [
C:\Users\karat\Documents\GitHub\RenderEngine\RenderEngine\src\input.cpp(103,22): warning C4244:             T=float
C:\Users\karat\Documents\GitHub\RenderEngine\RenderEngine\src\input.cpp(103,22): warning C4244:         ]
C:\Users\karat\Documents\GitHub\RenderEngine\RenderEngine\src\input.cpp(104,22): warning C4244: '=': conversion from 'double' to 'T', possible loss of data
C:\Users\karat\Documents\GitHub\RenderEngine\RenderEngine\src\input.cpp(104,22): warning C4244:         with
C:\Users\karat\Documents\GitHub\RenderEngine\RenderEngine\src\input.cpp(104,22): warning C4244:         [
C:\Users\karat\Documents\GitHub\RenderEngine\RenderEngine\src\input.cpp(104,22): warning C4244:             T=float
C:\Users\karat\Documents\GitHub\RenderEngine\RenderEngine\src\input.cpp(104,22): warning C4244:         ]
C:\Users\karat\Documents\GitHub\RenderEngine\RenderEngine\src\input.cpp(116,21): warning C4244: '=': conversion from 'double' to 'T', possible loss of data
C:\Users\karat\Documents\GitHub\RenderEngine\RenderEngine\src\input.cpp(116,21): warning C4244:         with
C:\Users\karat\Documents\GitHub\RenderEngine\RenderEngine\src\input.cpp(116,21): warning C4244:         [
C:\Users\karat\Documents\GitHub\RenderEngine\RenderEngine\src\input.cpp(116,21): warning C4244:             T=float
C:\Users\karat\Documents\GitHub\RenderEngine\RenderEngine\src\input.cpp(116,21): warning C4244:         ]
C:\Users\karat\Documents\GitHub\RenderEngine\RenderEngine\src\input.cpp(117,21): warning C4244: '=': conversion from 'double' to 'T', possible loss of data
C:\Users\karat\Documents\GitHub\RenderEngine\RenderEngine\src\input.cpp(117,21): warning C4244:         with
C:\Users\karat\Documents\GitHub\RenderEngine\RenderEngine\src\input.cpp(117,21): warning C4244:         [
C:\Users\karat\Documents\GitHub\RenderEngine\RenderEngine\src\input.cpp(117,21): warning C4244:             T=float
C:\Users\karat\Documents\GitHub\RenderEngine\RenderEngine\src\input.cpp(117,21): warning C4244:         ]
  material.cpp
  Renderer.cpp
C:\Users\karat\Documents\GitHub\RenderEngine\RenderEngine\src\Renderer.cpp(36,50): warning C4305: 'argument': truncation from 'double' to 'T'
C:\Users\karat\Documents\GitHub\RenderEngine\RenderEngine\src\Renderer.cpp(36,50): warning C4305:         with
C:\Users\karat\Documents\GitHub\RenderEngine\RenderEngine\src\Renderer.cpp(36,50): warning C4305:         [
C:\Users\karat\Documents\GitHub\RenderEngine\RenderEngine\src\Renderer.cpp(36,50): warning C4305:             T=float
C:\Users\karat\Documents\GitHub\RenderEngine\RenderEngine\src\Renderer.cpp(36,50): warning C4305:         ]
  scene.cpp
  gl_renderer.cpp
C:\Users\karat\Documents\GitHub\RenderEngine\RenderEngine\src\sdl renderer\gl_renderer.cpp(42,39): warning C4244: 'argument': conversion from 'int' to 'float', possible loss of data
C:\Users\karat\Documents\GitHub\RenderEngine\RenderEngine\src\sdl renderer\gl_renderer.cpp(42,30): warning C4244: 'argument': conversion from 'int' to 'float', possible loss of data
C:\Users\karat\Documents\GitHub\RenderEngine\RenderEngine\src\sdl renderer\gl_renderer.cpp(44,20): warning C4305: 'argument': truncation from 'double' to 'float'
C:\Users\karat\Documents\GitHub\RenderEngine\RenderEngine\src\sdl renderer\gl_renderer.cpp(45,18): warning C4305: 'argument': truncation from 'double' to 'float'
C:\Users\karat\Documents\GitHub\RenderEngine\RenderEngine\src\sdl renderer\gl_renderer.cpp(95,67): warning C4244: 'argument': conversion from 'double' to 'float', possible loss of data
C:\Users\karat\Documents\GitHub\RenderEngine\RenderEngine\src\sdl renderer\gl_renderer.cpp(96,69): warning C4244: 'argument': conversion from 'double' to 'float', possible loss of data
  core_mesh.cpp
  core_model.cpp
  tag.cpp
  timer.cpp
  vertex_buffer.cpp
C:\Users\karat\Documents\GitHub\RenderEngine\RenderEngine\src\vertex_buffer.cpp(113,73): warning C4312: 'type cast': conversion from 'const int' to 'void *' of greater size
  Generating Code...
C:\Users\karat\Documents\GitHub\RenderEngine\RenderEngine\src\3d_core_camera.cpp(205,1): warning C4172: returning address of local variable or temporary
C:\Users\karat\Documents\GitHub\RenderEngine\RenderEngine\src\3d_core_camera.cpp(212,1): warning C4172: returning address of local variable or temporary
C:\Users\karat\Documents\GitHub\RenderEngine\RenderEngine\src\3d_core_camera.cpp(220,1): warning C4172: returning address of local variable or temporary
LINK : warning LNK4098: defaultlib 'MSVCRT' conflicts with use of other libs; use /NODEFAULTLIB:library
  RenderEngine.vcxproj -> C:\Users\karat\Documents\GitHub\RenderEngine\x64\Debug\RenderEngine.exe
